make.exe all --print-data-base --no-builtin-variables --no-builtin-rules --question
# GNU Make 3.81
# Copyright (C) 2006  Free Software Foundation, Inc.
# Dit is vrije programmatuur; zie de brontekst voor de kopieervoorwaarden.
# Er is GEEN garantie; zelfs niet voor VERHANDELBAARHEID of
# GESCHIKTHEID VOOR EEN BEPAALD DOEL.

# Dit programma is gemaakt voor i386-pc-mingw32
 

# Make-gegevensbank, weergegeven op Tue Jul 26 20:16:02 2022

# Variabelen

# automatisch
<D = $(patsubst %/,%,$(dir $<))
# automatisch
?F = $(notdir $?)
# omgeving
ELECTRON_NO_ATTACH_CONSOLE = 1
# makefile
MAKEFLAGS = Rrqp
# automatisch
?D = $(patsubst %/,%,$(dir $?))
# omgeving
PLATFORMIO_IDE = 2.5.0
# automatisch
@D = $(patsubst %/,%,$(dir $@))
# omgeving
HOMEDRIVE = C:
# automatisch
@F = $(notdir $@)
# automatisch
^D = $(patsubst %/,%,$(dir $^))
# makefile
CURDIR := c:/Users/jrmam/Desktop/CUDA_programming/project/2D_no_CUDA
# standaard
SHELL := sh.exe
# omgeving
WINDIR = C:\windows
# omgeving
VSCODE_NLS_CONFIG = {"locale":"nl","availableLanguages":{},"_languagePackSupport":true}
# omgeving
ONEDRIVE = C:\Users\jrmam\OneDrive
# omgeving
PATHEXT = .COM;.EXE;.BAT;.CMD;.VBS;.VBE;.JS;.JSE;.WSF;.WSH;.MSC;.CPL
# makefile (van 'makefile', regel 1)
MAKEFILE_LIST :=  makefile
# omgeving
TMP = C:\Users\jrmam\AppData\Local\Temp
# omgeving
PROGRAMW6432 = C:\Program Files
# omgeving
PROGRAMDATA = C:\ProgramData
# omgeving
VSCODE_CWD = C:\Users\jrmam\Desktop\CUDA_programming\project\2D_no_CUDA
# omgeving
NO_PROXY = 127.0.0.1
# omgeving
ONLINESERVICES = Online Services
# omgeving
COMMONPROGRAMW6432 = C:\Program Files\Common Files
# omgeving
PROCESSOR_ARCHITECTURE = x86
# omgeving
USERPROFILE = C:\Users\jrmam
# omgeving
ALLUSERSPROFILE = C:\ProgramData
# omgeving
NUMBER_OF_PROCESSORS = 16
# omgeving
ELECTRON_RUN_AS_NODE = 1
# standaard
.FEATURES := target-specific order-only second-expansion else-if archives
# omgeving
NVTOOLSEXT_PATH = C:\Program Files\NVIDIA Corporation\NvToolsExt\
# automatisch
%F = $(notdir $%)
# omgeving
CHROME_CRASHPAD_PIPE_NAME = \\.\pipe\crashpad_16420_DCRRXMZXSLRAQOJU
# omgeving
COMPUTERNAME = LAPTOP-4OCTM8L7
# omgeving
PROGRAMFILES = C:\Program Files (x86)
# omgeving
DRIVERDATA = C:\Windows\System32\Drivers\DriverData
# omgeving
ORIGINAL_XDG_CURRENT_DESKTOP = undefined
# omgeving
USERNAME = jrmam
# omgeving
PUBLIC = C:\Users\Public
# omgeving
VSCODE_AMD_ENTRYPOINT = vs/workbench/api/node/extensionHostProcess
# omgeving
VSCODE_CLI = 1
# omgeving
VSCODE_CODE_CACHE_PATH = C:\Users\jrmam\AppData\Roaming\Code\CachedData\3b889b090b5ad5793f524b5d1d39fda662b96a2a
# omgeving
APPLICATION_INSIGHTS_NO_DIAGNOSTIC_CHANNEL = true
# omgeving
COMMONPROGRAMFILES = C:\Program Files (x86)\Common Files
# omgeving
LOGONSERVER = \\LAPTOP-4OCTM8L7
# omgeving
ONEDRIVECONSUMER = C:\Users\jrmam\OneDrive
# omgeving
VSCODE_HANDLES_UNCAUGHT_ERRORS = true
# omgeving
USERDOMAIN = LAPTOP-4OCTM8L7
# omgeving
PLATFORMIO_PATH = C:\Users\jrmam\.platformio\python3;C:\Program Files\Microsoft Visual Studio\2022\Community\VC\Tools\MSVC\14.31.31103\bin\Hostx64\x64;C:\Program Files\NVIDIA GPU Computing Toolkit\CUDA\v11.7\libnvvp;C:\Program Files\Eclipse Adoptium\jdk-11.0.14.101-hotspot\bin;C:\windows\system32;C:\windows;C:\windows\System32\Wbem;C:\windows\System32\WindowsPowerShell\v1.0\;C:\windows\System32\OpenSSH\;C:\Program Files (x86)\NVIDIA Corporation\PhysX\Common;C:\Program Files\NVIDIA Corporation\NVIDIA NvDLISR;C:\Program Files\Docker\Docker\resources\bin;C:\ProgramData\DockerDesktop\version-bin;C:\Program Files\Git\cmd;C:\Program Files\PuTTY\;C:\Program Files\usbipd-win\;C:\Program Files\NVIDIA Corporation\Nsight Compute 2022.2.0\;C:\Program Files (x86)\GnuWin32\bin;C:\Program Files\NVIDIA GPU Computing Toolkit\CUDA\v11.7\bin\\..\extras\CUPTI\lib64;C:\Program Files\NVIDIA GPU Computing Toolkit\CUDA\v11.7\bin;C:\Program Files\NVIDIA GPU Computing Toolkit\CUDA\v11.7\libnvvp;C:\Program Files\Eclipse Adoptium\jdk-11.0.14.101-hotspot\bin;C:\windows\system32;C:\windows;C:\windows\System32\Wbem;C:\windows\System32\WindowsPowerShell\v1.0\;C:\windows\System32\OpenSSH\;C:\Program Files (x86)\NVIDIA Corporation\PhysX\Common;C:\Program Files\NVIDIA Corporation\NVIDIA NvDLISR;C:\Program Files\Docker\Docker\resources\bin;C:\ProgramData\DockerDesktop\version-bin;C:\Program Files\Git\cmd;C:\Program Files\PuTTY\;C:\Program Files\usbipd-win\;C:\Program Files\NVIDIA Corporation\Nsight Compute 2022.2.0\;C:\Users\jrmam\AppData\Local\Microsoft\WindowsApps;;C:\Users\jrmam\AppData\Local\Programs\Microsoft VS Code\bin;C:\Program Files\Microsoft Visual Studio\2022\Community\VC\Tools\MSVC\14.31.31103\bin\Hostx64\x64;C:\Program Files\NVIDIA GPU Computing Toolkit\CUDA\v11.7\libnvvp;C:\Program Files\Eclipse Adoptium\jdk-11.0.14.101-hotspot\bin;C:\windows\system32;C:\windows;C:\windows\System32\Wbem;C:\windows\System32\WindowsPowerShell\v1.0\;C:\windows\System32\OpenSSH\;C:\Program Files (x86)\NVIDIA Corporation\PhysX\Common;C:\Program Files\NVIDIA Corporation\NVIDIA NvDLISR;C:\Program Files\Docker\Docker\resources\bin;C:\ProgramData\DockerDesktop\version-bin;C:\Program Files\Git\cmd;C:\Program Files\PuTTY\;C:\Program Files\usbipd-win\;C:\Program Files\NVIDIA Corporation\Nsight Compute 2022.2.0\;C:\Program Files (x86)\GnuWin32\bin;C:\Program Files\NVIDIA GPU Computing Toolkit\CUDA\v11.7\bin\\..\extras\CUPTI\lib64;C:\Program Files\NVIDIA GPU Computing Toolkit\CUDA\v11.7\bin;C:\Program Files\NVIDIA GPU Computing Toolkit\CUDA\v11.7\libnvvp;C:\Program Files\Eclipse Adoptium\jdk-11.0.14.101-hotspot\bin;C:\windows\system32;C:\windows;C:\windows\System32\Wbem;C:\windows\System32\WindowsPowerShell\v1.0\;C:\windows\System32\OpenSSH\;C:\Program Files (x86)\NVIDIA Corporation\PhysX\Common;C:\Program Files\NVIDIA Corporation\NVIDIA NvDLISR;C:\Program Files\Docker\Docker\resources\bin;C:\ProgramData\DockerDesktop\version-bin;C:\Program Files\Git\cmd;C:\Program Files\PuTTY\;C:\Program Files\usbipd-win\;C:\Program Files\NVIDIA Corporation\Nsight Compute 2022.2.0\;C:\Users\jrmam\AppData\Local\Microsoft\WindowsApps;;C:\Users\jrmam\AppData\Local\Programs\Microsoft VS Code\bin
# standaard
MAKE = $(MAKE_COMMAND)
# standaard
MAKECMDGOALS := all
# omgeving
PATH = C:\Program Files\Microsoft Visual Studio\2022\Community\VC\Tools\MSVC\14.31.31103\bin\Hostx64\x64;C:\Program Files\NVIDIA GPU Computing Toolkit\CUDA\v11.7\libnvvp;C:\Program Files\Eclipse Adoptium\jdk-11.0.14.101-hotspot\bin;C:\windows\system32;C:\windows;C:\windows\System32\Wbem;C:\windows\System32\WindowsPowerShell\v1.0\;C:\windows\System32\OpenSSH\;C:\Program Files (x86)\NVIDIA Corporation\PhysX\Common;C:\Program Files\NVIDIA Corporation\NVIDIA NvDLISR;C:\Program Files\Docker\Docker\resources\bin;C:\ProgramData\DockerDesktop\version-bin;C:\Program Files\Git\cmd;C:\Program Files\PuTTY\;C:\Program Files\usbipd-win\;C:\Program Files\NVIDIA Corporation\Nsight Compute 2022.2.0\;C:\Program Files (x86)\GnuWin32\bin;C:\Program Files\NVIDIA GPU Computing Toolkit\CUDA\v11.7\bin\\..\extras\CUPTI\lib64;C:\Program Files\NVIDIA GPU Computing Toolkit\CUDA\v11.7\bin;C:\Program Files\NVIDIA GPU Computing Toolkit\CUDA\v11.7\libnvvp;C:\Program Files\Eclipse Adoptium\jdk-11.0.14.101-hotspot\bin;C:\windows\system32;C:\windows;C:\windows\System32\Wbem;C:\windows\System32\WindowsPowerShell\v1.0\;C:\windows\System32\OpenSSH\;C:\Program Files (x86)\NVIDIA Corporation\PhysX\Common;C:\Program Files\NVIDIA Corporation\NVIDIA NvDLISR;C:\Program Files\Docker\Docker\resources\bin;C:\ProgramData\DockerDesktop\version-bin;C:\Program Files\Git\cmd;C:\Program Files\PuTTY\;C:\Program Files\usbipd-win\;C:\Program Files\NVIDIA Corporation\Nsight Compute 2022.2.0\;C:\Users\jrmam\AppData\Local\Microsoft\WindowsApps;;C:\Users\jrmam\AppData\Local\Programs\Microsoft VS Code\bin
# standaard
MAKE_VERSION := 3.81
# makefile
.DEFAULT_GOAL := all
# omgeving
PROGRAMFILES(X86) = C:\Program Files (x86)
# automatisch
%D = $(patsubst %/,%,$(dir $%))
# omgeving
LOCALAPPDATA = C:\Users\jrmam\AppData\Local
# omgeving
PSMODULEPATH = C:\Users\jrmam\Documents\WindowsPowerShell\Modules;C:\Program Files\WindowsPowerShell\Modules;C:\windows\system32\WindowsPowerShell\v1.0\Modules
# standaard
MAKE_COMMAND := make.exe
# omgeving
PROCESSOR_ARCHITEW6432 = AMD64
# omgeving
AMDRMSDKPATH = C:\Program Files\AMD\RyzenMasterSDK\
# standaard
.VARIABLES := 
# automatisch
*F = $(notdir $*)
# omgeving
PROCESSOR_IDENTIFIER = AMD64 Family 25 Model 80 Stepping 0, AuthenticAMD
# omgeving
OS = Windows_NT
# omgeving
VSCODE_IPC_HOOK = \\.\pipe\b2a400e23d0c708548e96b1e522317a3-1.69.2-main-sock
# omgeving
HOMEPATH = \Users\jrmam
# omgeving
COMMONPROGRAMFILES(X86) = C:\Program Files (x86)\Common Files
# omgeving
PROMPT = $P$G
# omgeving
MFLAGS = -Rrqp
# automatisch
*D = $(patsubst %/,%,$(dir $*))
# omgeving
REGIONCODE = EMEA
# omgeving
SYSTEMROOT = C:\windows
# automatisch
+D = $(patsubst %/,%,$(dir $+))
# omgeving
PLATFORMCODE = KV
# automatisch
+F = $(notdir $+)
# omgeving
APPDATA = C:\Users\jrmam\AppData\Roaming
# omgeving
TEMP = C:\Users\jrmam\AppData\Local\Temp
# omgeving
COMSPEC = C:\windows\system32\cmd.exe
# standaard
MAKEFILES := 
# automatisch
<F = $(notdir $<)
# omgeving
PLATFORMIO_CALLER = vscode
# omgeving
LC_ALL = C
# automatisch
^F = $(notdir $^)
# omgeving
CUDA_PATH = C:\Program Files\NVIDIA GPU Computing Toolkit\CUDA\v11.7
# standaard
SUFFIXES := 
# omgeving
SYSTEMDRIVE = C:
# omgeving
SESSIONNAME = Console
# omgeving
PROCESSOR_REVISION = 5000
# omgeving
MAKELEVEL := 0
# omgeving
CUDA_PATH_V11_7 = C:\Program Files\NVIDIA GPU Computing Toolkit\CUDA\v11.7
# omgeving
LANG = C
# omgeving
PROCESSOR_LEVEL = 25
# omgeving
VSCODE_PID = 16420
# omgeving
USERDOMAIN_ROAMINGPROFILE = LAPTOP-4OCTM8L7
# variabele verzameling van hashtabel-statistieken:
# Belasting=95/1024=9%, Rehash=0, Botsingen=12/117=10%

# Patroonspecifieke variabelewaarden

# Geen patroonspecifieke variabelewaarden

# Mappen

# kan status van  niet opvragen.
# C:\Program Files\Docker\Docker\resources\bin (sleutel C:/Program Files/Docker/Docker/resources/bin, wijzigingstijd 1645567525): 13 bestanden, geen onmogelijkheden.
# C:\Program Files\Eclipse Adoptium\jdk-11.0.14.101-hotspot\bin (sleutel C:/Program Files/Eclipse Adoptium/jdk-11.0.14.101-hotspot/bin, wijzigingstijd 1645897040): 126 bestanden, geen onmogelijkheden.
# C:\windows\System32\WindowsPowerShell\v1.0\ (sleutel C:/windows/System32/WindowsPowerShell/v1.0/, wijzigingstijd 1644881062): 29 bestanden, geen onmogelijkheden.
# C:\windows\System32\Wbem (sleutel C:/windows/System32/Wbem, wijzigingstijd 1652495833): 155 bestanden, geen onmogelijkheden.
# . (sleutel c:/Users/jrmam/Desktop/CUDA_programming/project/2D_no_CUDA, wijzigingstijd 1658858864): 11 bestanden, geen onmogelijkheden.
# C:\Program Files\NVIDIA GPU Computing Toolkit\CUDA\v11.7\libnvvp (sleutel C:/Program Files/NVIDIA GPU Computing Toolkit/CUDA/v11.7/libnvvp, wijzigingstijd 1656728263): 14 bestanden, geen onmogelijkheden.
# C:\Program Files (x86)\NVIDIA Corporation\PhysX\Common (sleutel C:/Program Files (x86)/NVIDIA Corporation/PhysX/Common, wijzigingstijd 1632727558): 10 bestanden, geen onmogelijkheden.
# C:\Program Files\NVIDIA GPU Computing Toolkit\CUDA\v11.7\bin\\..\extras\CUPTI\lib64 (sleutel C:/Program Files/NVIDIA GPU Computing Toolkit/CUDA/v11.7/extras/CUPTI/lib64, wijzigingstijd 1656728260): 12 bestanden, geen onmogelijkheden.
# C:\Program Files\NVIDIA Corporation\Nsight Compute 2022.2.0\ (sleutel C:/Program Files/NVIDIA Corporation/Nsight Compute 2022.2.0/, wijzigingstijd 1656728217): 12 bestanden, geen onmogelijkheden.
# C:\Program Files\usbipd-win\ (sleutel C:/Program Files/usbipd-win/, wijzigingstijd 1648228931): 137 bestanden, geen onmogelijkheden.
# kan status van C:\windows\System32\OpenSSH\ niet opvragen.
# C:\Program Files\PuTTY\ (sleutel C:/Program Files/PuTTY/, wijzigingstijd 1646060361): 12 bestanden, geen onmogelijkheden.
# C:\Program Files\Microsoft Visual Studio\2022\Community\VC\Tools\MSVC\14.31.31103\bin\Hostx64\x64 (sleutel C:/Program Files/Microsoft Visual Studio/2022/Community/VC/Tools/MSVC/14.31.31103/bin/Hostx64/x64, wijzigingstijd 1656806333): 69 bestanden, geen onmogelijkheden.
# C:\Program Files\NVIDIA GPU Computing Toolkit\CUDA\v11.7\bin (sleutel C:/Program Files/NVIDIA GPU Computing Toolkit/CUDA/v11.7/bin, wijzigingstijd 1656728269): 45 bestanden, geen onmogelijkheden.
# C:\Users\jrmam\AppData\Local\Programs\Microsoft VS Code\bin (sleutel C:/Users/jrmam/AppData/Local/Programs/Microsoft VS Code/bin, wijzigingstijd 1658837513): 4 bestanden, geen onmogelijkheden.
# C:\windows (sleutel C:/windows, wijzigingstijd 1657845261): 120 bestanden, geen onmogelijkheden.
# kan status van C:\ProgramData\DockerDesktop\version-bin niet opvragen.
# C:\Program Files\Git\cmd (sleutel C:/Program Files/Git/cmd, wijzigingstijd 1645899666): 8 bestanden, geen onmogelijkheden.
# C:\windows\system32 (sleutel C:/windows/system32, wijzigingstijd 1657885104): 2928 bestanden, geen onmogelijkheden.
# C:\Users\jrmam\AppData\Local\Microsoft\WindowsApps (sleutel C:/Users/jrmam/AppData/Local/Microsoft/WindowsApps, wijzigingstijd 1658793455): 45 bestanden, geen onmogelijkheden.
# C:\Program Files\NVIDIA Corporation\NVIDIA NvDLISR (sleutel C:/Program Files/NVIDIA Corporation/NVIDIA NvDLISR, wijzigingstijd 1632727566): 5 bestanden, geen onmogelijkheden.
# C:\Program Files (x86)\GnuWin32\bin (sleutel C:/Program Files (x86)/GnuWin32/bin, wijzigingstijd 1657762066): 5 bestanden, geen onmogelijkheden.

# 3760 bestanden, geen onmogelijkheden in 23 mappen.

# Impliciete regels

# Geen impliciete regels.

# Bestanden

run.exe: main.cpp physics.cpp basewin.h physics.h
#  Impliciete regel-zoekopdracht is niet uitgevoerd.
#  Impliciete/statische patroonstam: ''
#  Laatst gewijzigd 2022-07-26 20:13:58
#  Bestand is bijgewerkt.
#  Moet worden bijgewerkt (-q is ingesteld).
# automatisch
# @ := run.exe
# automatisch
# % := 
# automatisch
# * := 
# automatisch
# + := main.cpp physics.cpp basewin.h physics.h
# automatisch
# | := 
# automatisch
# < := main.cpp
# automatisch
# ^ := main.cpp physics.cpp basewin.h physics.h
# automatisch
# ? := main.cpp
# variabele verzameling van hashtabel-statistieken:
# Belasting=8/32=25%, Rehash=0, Botsingen=1/10=10%
#  uit te voeren opdrachten (van 'makefile', regel 4):
	nvcc main.cpp physics.cpp -o run.exe
	

all: run.exe
#  Doel afkomstig van opdrachtregel.
#  Impliciete regel-zoekopdracht is uitgevoerd.
#  Bestand bestaat niet.
#  Bestand is bijgewerkt.
#  Moet worden bijgewerkt (-q is ingesteld).
# variabele verzameling van hashtabel-statistieken:
# Belasting=0/32=0%, Rehash=0, Botsingen=0/2=0%

# Geen doel:
.DEFAULT:
#  Impliciete regel-zoekopdracht is niet uitgevoerd.
#  Wijzigingstijd is nooit gecontroleerd.
#  Bestand is niet bijgewerkt.

# Geen doel:
basewin.h:
#  Impliciete regel-zoekopdracht is uitgevoerd.
#  Laatst gewijzigd 2022-07-26 20:13:38
#  Bestand is bijgewerkt.
#  Succesvol bijgewerkt.
# variabele verzameling van hashtabel-statistieken:
# Belasting=0/32=0%, Rehash=0, Botsingen=0/0=0%

# Geen doel:
makefile:
#  Impliciete regel-zoekopdracht is uitgevoerd.
#  Laatst gewijzigd 2022-07-26 15:56:15
#  Bestand is bijgewerkt.
#  Succesvol bijgewerkt.
# variabele verzameling van hashtabel-statistieken:
# Belasting=0/32=0%, Rehash=0, Botsingen=0/0=0%

# Geen doel:
main.cpp:
#  Impliciete regel-zoekopdracht is uitgevoerd.
#  Laatst gewijzigd 2022-07-26 20:15:14
#  Bestand is bijgewerkt.
#  Succesvol bijgewerkt.
# variabele verzameling van hashtabel-statistieken:
# Belasting=0/32=0%, Rehash=0, Botsingen=0/0=0%

# Geen doel:
.SUFFIXES:
#  Impliciete regel-zoekopdracht is niet uitgevoerd.
#  Wijzigingstijd is nooit gecontroleerd.
#  Bestand is niet bijgewerkt.

# Geen doel:
physics.h:
#  Impliciete regel-zoekopdracht is uitgevoerd.
#  Laatst gewijzigd 2022-07-26 19:46:33
#  Bestand is bijgewerkt.
#  Succesvol bijgewerkt.
# variabele verzameling van hashtabel-statistieken:
# Belasting=0/32=0%, Rehash=0, Botsingen=0/0=0%

clean:
#  Impliciete regel-zoekopdracht is niet uitgevoerd.
#  Wijzigingstijd is nooit gecontroleerd.
#  Bestand is niet bijgewerkt.
#  uit te voeren opdrachten (van 'makefile', regel 7):
	powershell "(Remove-Item -ErrorAction Ignore run.exe)"
	

# Geen doel:
physics.cpp:
#  Impliciete regel-zoekopdracht is uitgevoerd.
#  Laatst gewijzigd 2022-07-26 18:38:56
#  Bestand is bijgewerkt.
#  Succesvol bijgewerkt.
# variabele verzameling van hashtabel-statistieken:
# Belasting=0/32=0%, Rehash=0, Botsingen=0/0=0%

# hashtabel-statistieken van bestanden:
# Belasting=10/1024=1%, Rehash=0, Botsingen=0/28=0%
# VPATH-zoekpaden

# Geen 'vpath'-zoekpaden.

# Geen algemeen zoekpad ('VPATH'-variabele).

# # of strings in strcache: 1
# # of strcache buffers: 1
# strcache size: total = 4096 / max = 4096 / min = 4096 / avg = 4096
# strcache free: total = 4087 / max = 4087 / min = 4087 / avg = 4087

# Make-gegevensbank voltooid op Tue Jul 26 20:16:02 2022

 
